E
======================================================================
ERROR: test_kernel_cycles (__main__.Tests.test_kernel_cycles)
----------------------------------------------------------------------
Traceback (most recent call last):
  File "C:\Users\HarshKumar\Downloads\harsh-original_performance_takehome\perf_takehome.py", line 402, in test_kernel_cycles
    do_kernel_test(10, 16, 256, trace=False, prints=False)
    ~~~~~~~~~~~~~~^^^^^^^^^^^^^^^^^^^^^^^^^^^^^^^^^^^^^^^^
  File "C:\Users\HarshKumar\Downloads\harsh-original_performance_takehome\perf_takehome.py", line 340, in do_kernel_test
    machine.run()
    ~~~~~~~~~~~^^
  File "C:\Users\HarshKumar\Downloads\harsh-original_performance_takehome\problem.py", line 213, in run
    self.step(instr, core)
    ~~~~~~~~~^^^^^^^^^^^^^
  File "C:\Users\HarshKumar\Downloads\harsh-original_performance_takehome\problem.py", line 395, in step
    core.scratch[addr] = val
    ~~~~~~~~~~~~^^^^^^
IndexError: list assignment index out of range

----------------------------------------------------------------------
Ran 1 test in 0.072s

FAILED (errors=1)
forest_height=10, rounds=16, batch_size=256
